\BOOKMARK [0][-]{chapter.2}{Observing Jovian Decametric Radio Emissions with a Software Defined Radio Telescope}{}% 1
\BOOKMARK [0][-]{section*.5}{Glossary}{}% 2
\BOOKMARK [0][-]{section*.7}{List of Figures}{}% 3
\BOOKMARK [0][-]{section*.8}{List of Tables}{}% 4
\BOOKMARK [0][-]{chapter*.9}{Introduction}{}% 5
\BOOKMARK [1][-]{section*.25}{Research Hypothesis}{chapter*.9}% 6
\BOOKMARK [1][-]{section*.29}{Methodology}{chapter*.9}% 7
\BOOKMARK [1][-]{section*.30}{Research Questions}{chapter*.9}% 8
\BOOKMARK [1][-]{section*.34}{Literature Review}{chapter*.9}% 9
\BOOKMARK [0][-]{chapter*.44}{Testbed Build and Verification}{}% 10
\BOOKMARK [1][-]{section*.45}{Special Resources Required}{chapter*.44}% 11
\BOOKMARK [1][-]{section*.46}{Antenna Build}{chapter*.44}% 12
\BOOKMARK [1][-]{section*.60}{Listening Site Suitability}{chapter*.44}% 13
\BOOKMARK [1][-]{section*.63}{Verification of the Radio Receiver}{chapter*.44}% 14
\BOOKMARK [1][-]{section*.74}{Capturing DAM Emissions}{chapter*.44}% 15
\BOOKMARK [0][-]{chapter*.76}{Research Question 1}{}% 16
\BOOKMARK [1][-]{section*.77}{Determine SDRT Power Requirements}{chapter*.76}% 17
\BOOKMARK [1][-]{section*.91}{Determine SDRT Computational Power Requirements}{chapter*.76}% 18
\BOOKMARK [1][-]{section*.98}{Determine SDRT Network Connectivity Requirements}{chapter*.76}% 19
\BOOKMARK [0][-]{chapter*.105}{Research Question 2}{}% 20
\BOOKMARK [1][-]{section*.106}{Flag Amateur Radio Enthusiast Transmissions}{chapter*.105}% 21
\BOOKMARK [1][-]{section*.114}{Flag Natural Emission Sources}{chapter*.105}% 22
\BOOKMARK [0][-]{chapter*.125}{Research Question 3}{}% 23
\BOOKMARK [1][-]{section*.126}{Capturing DAM Emissions with the RTL2832 DAB SDR}{chapter*.125}% 24
\BOOKMARK [1][-]{section*.134}{Implementing a HackRF Compatible Flow-Graph in GNURadio}{chapter*.125}% 25
\BOOKMARK [0][-]{chapter*.145}{Conclusions}{}% 26
\BOOKMARK [1][-]{section*.146}{Future Work}{chapter*.145}% 27
\BOOKMARK [2][-]{section*.147}{Filtering Human Signal Interference}{section*.146}% 28
\BOOKMARK [2][-]{section*.148}{Filtering Natural Interference}{section*.146}% 29
\BOOKMARK [2][-]{section*.149}{Creating Spectrograms with HackRF}{section*.146}% 30
\BOOKMARK [2][-]{section*.150}{Calibrating the SDRT for Accurate Power Measurements}{section*.146}% 31
\BOOKMARK [2][-]{section*.156}{Automated Detection of DAM Emissions}{section*.146}% 32
\BOOKMARK [0][-]{appendix*.157}{Appendices}{}% 33
\BOOKMARK [0][-]{appendix*.165}{Bibliography}{}% 34
